{"C:\\Users\\usuario\\workspace\\dashboard-backend\\controllers\\authController.js": {"path":"C:\\Users\\usuario\\workspace\\dashboard-backend\\controllers\\authController.js","statementMap":{"0":{"start":{"line":1,"column":20},"end":{"line":1,"column":54}},"1":{"start":{"line":3,"column":17},"end":{"line":11,"column":1}},"2":{"start":{"line":4,"column":38},"end":{"line":4,"column":46}},"3":{"start":{"line":5,"column":4},"end":{"line":10,"column":5}},"4":{"start":{"line":6,"column":22},"end":{"line":6,"column":71}},"5":{"start":{"line":7,"column":8},"end":{"line":7,"column":40}},"6":{"start":{"line":9,"column":8},"end":{"line":9,"column":57}},"7":{"start":{"line":13,"column":14},"end":{"line":21,"column":1}},"8":{"start":{"line":14,"column":32},"end":{"line":14,"column":40}},"9":{"start":{"line":15,"column":4},"end":{"line":20,"column":5}},"10":{"start":{"line":16,"column":22},"end":{"line":16,"column":62}},"11":{"start":{"line":17,"column":8},"end":{"line":17,"column":40}},"12":{"start":{"line":19,"column":8},"end":{"line":19,"column":57}},"13":{"start":{"line":23,"column":0},"end":{"line":26,"column":2}}},"fnMap":{"0":{"name":"(anonymous_0)","decl":{"start":{"line":3,"column":17},"end":{"line":3,"column":18}},"loc":{"start":{"line":3,"column":37},"end":{"line":11,"column":1}},"line":3},"1":{"name":"(anonymous_1)","decl":{"start":{"line":13,"column":14},"end":{"line":13,"column":15}},"loc":{"start":{"line":13,"column":34},"end":{"line":21,"column":1}},"line":13}},"branchMap":{},"s":{"0":1,"1":1,"2":3,"3":3,"4":3,"5":2,"6":1,"7":1,"8":0,"9":0,"10":0,"11":0,"12":0,"13":1},"f":{"0":3,"1":0},"b":{},"_coverageSchema":"1a1c01bbd47fc00a2c39e90264f33305004495a9","hash":"9017e1a5f84b8c42bedf63198c10f045cc1d75c6"}
,"C:\\Users\\usuario\\workspace\\dashboard-backend\\controllers\\balanceController.js": {"path":"C:\\Users\\usuario\\workspace\\dashboard-backend\\controllers\\balanceController.js","statementMap":{"0":{"start":{"line":1,"column":23},"end":{"line":1,"column":60}},"1":{"start":{"line":3,"column":22},"end":{"line":11,"column":1}},"2":{"start":{"line":4,"column":17},"end":{"line":4,"column":25}},"3":{"start":{"line":5,"column":4},"end":{"line":10,"column":5}},"4":{"start":{"line":6,"column":24},"end":{"line":6,"column":64}},"5":{"start":{"line":7,"column":8},"end":{"line":7,"column":42}},"6":{"start":{"line":9,"column":8},"end":{"line":9,"column":57}},"7":{"start":{"line":13,"column":21},"end":{"line":21,"column":1}},"8":{"start":{"line":14,"column":17},"end":{"line":14,"column":25}},"9":{"start":{"line":15,"column":4},"end":{"line":20,"column":5}},"10":{"start":{"line":16,"column":24},"end":{"line":16,"column":63}},"11":{"start":{"line":17,"column":8},"end":{"line":17,"column":42}},"12":{"start":{"line":19,"column":8},"end":{"line":19,"column":57}},"13":{"start":{"line":23,"column":23},"end":{"line":31,"column":1}},"14":{"start":{"line":24,"column":30},"end":{"line":24,"column":38}},"15":{"start":{"line":25,"column":4},"end":{"line":30,"column":5}},"16":{"start":{"line":26,"column":24},"end":{"line":26,"column":74}},"17":{"start":{"line":27,"column":8},"end":{"line":27,"column":42}},"18":{"start":{"line":29,"column":8},"end":{"line":29,"column":57}},"19":{"start":{"line":33,"column":0},"end":{"line":37,"column":2}}},"fnMap":{"0":{"name":"(anonymous_0)","decl":{"start":{"line":3,"column":22},"end":{"line":3,"column":23}},"loc":{"start":{"line":3,"column":42},"end":{"line":11,"column":1}},"line":3},"1":{"name":"(anonymous_1)","decl":{"start":{"line":13,"column":21},"end":{"line":13,"column":22}},"loc":{"start":{"line":13,"column":41},"end":{"line":21,"column":1}},"line":13},"2":{"name":"(anonymous_2)","decl":{"start":{"line":23,"column":23},"end":{"line":23,"column":24}},"loc":{"start":{"line":23,"column":44},"end":{"line":31,"column":1}},"line":23}},"branchMap":{},"s":{"0":1,"1":1,"2":2,"3":2,"4":2,"5":1,"6":1,"7":1,"8":2,"9":2,"10":2,"11":1,"12":1,"13":1,"14":2,"15":2,"16":2,"17":1,"18":1,"19":1},"f":{"0":2,"1":2,"2":2},"b":{},"_coverageSchema":"1a1c01bbd47fc00a2c39e90264f33305004495a9","hash":"aefbcd68570ed481bcf78820c37d9b8962d46e27"}
,"C:\\Users\\usuario\\workspace\\dashboard-backend\\controllers\\taskController.js": {"path":"C:\\Users\\usuario\\workspace\\dashboard-backend\\controllers\\taskController.js","statementMap":{"0":{"start":{"line":1,"column":20},"end":{"line":1,"column":54}},"1":{"start":{"line":3,"column":19},"end":{"line":11,"column":1}},"2":{"start":{"line":4,"column":17},"end":{"line":4,"column":25}},"3":{"start":{"line":5,"column":4},"end":{"line":10,"column":5}},"4":{"start":{"line":6,"column":21},"end":{"line":6,"column":55}},"5":{"start":{"line":7,"column":8},"end":{"line":7,"column":39}},"6":{"start":{"line":9,"column":8},"end":{"line":9,"column":57}},"7":{"start":{"line":13,"column":18},"end":{"line":21,"column":1}},"8":{"start":{"line":14,"column":17},"end":{"line":14,"column":25}},"9":{"start":{"line":15,"column":4},"end":{"line":20,"column":5}},"10":{"start":{"line":16,"column":21},"end":{"line":16,"column":54}},"11":{"start":{"line":17,"column":8},"end":{"line":17,"column":39}},"12":{"start":{"line":19,"column":8},"end":{"line":19,"column":57}},"13":{"start":{"line":23,"column":20},"end":{"line":31,"column":1}},"14":{"start":{"line":24,"column":37},"end":{"line":24,"column":45}},"15":{"start":{"line":25,"column":4},"end":{"line":30,"column":5}},"16":{"start":{"line":26,"column":21},"end":{"line":26,"column":72}},"17":{"start":{"line":27,"column":8},"end":{"line":27,"column":39}},"18":{"start":{"line":29,"column":8},"end":{"line":29,"column":57}},"19":{"start":{"line":33,"column":0},"end":{"line":37,"column":2}}},"fnMap":{"0":{"name":"(anonymous_0)","decl":{"start":{"line":3,"column":19},"end":{"line":3,"column":20}},"loc":{"start":{"line":3,"column":39},"end":{"line":11,"column":1}},"line":3},"1":{"name":"(anonymous_1)","decl":{"start":{"line":13,"column":18},"end":{"line":13,"column":19}},"loc":{"start":{"line":13,"column":38},"end":{"line":21,"column":1}},"line":13},"2":{"name":"(anonymous_2)","decl":{"start":{"line":23,"column":20},"end":{"line":23,"column":21}},"loc":{"start":{"line":23,"column":41},"end":{"line":31,"column":1}},"line":23}},"branchMap":{},"s":{"0":1,"1":1,"2":2,"3":2,"4":2,"5":1,"6":1,"7":1,"8":2,"9":2,"10":2,"11":1,"12":1,"13":1,"14":2,"15":2,"16":2,"17":1,"18":1,"19":1},"f":{"0":2,"1":2,"2":2},"b":{},"_coverageSchema":"1a1c01bbd47fc00a2c39e90264f33305004495a9","hash":"d300362d36106a027e5d76cd39fa415988c6d895"}
,"C:\\Users\\usuario\\workspace\\dashboard-backend\\repositories\\balanceRepository.js": {"path":"C:\\Users\\usuario\\workspace\\dashboard-backend\\repositories\\balanceRepository.js","statementMap":{"0":{"start":{"line":1,"column":16},"end":{"line":1,"column":49}},"1":{"start":{"line":3,"column":23},"end":{"line":5,"column":1}},"2":{"start":{"line":4,"column":4},"end":{"line":4,"column":54}},"3":{"start":{"line":7,"column":21},"end":{"line":29,"column":1}},"4":{"start":{"line":8,"column":19},"end":{"line":8,"column":21}},"5":{"start":{"line":10,"column":4},"end":{"line":26,"column":5}},"6":{"start":{"line":11,"column":8},"end":{"line":11,"column":40}},"7":{"start":{"line":13,"column":22},"end":{"line":13,"column":24}},"8":{"start":{"line":15,"column":8},"end":{"line":17,"column":9}},"9":{"start":{"line":16,"column":12},"end":{"line":16,"column":44}},"10":{"start":{"line":18,"column":8},"end":{"line":20,"column":9}},"11":{"start":{"line":19,"column":12},"end":{"line":19,"column":42}},"12":{"start":{"line":21,"column":8},"end":{"line":23,"column":9}},"13":{"start":{"line":22,"column":12},"end":{"line":22,"column":42}},"14":{"start":{"line":25,"column":8},"end":{"line":25,"column":45}},"15":{"start":{"line":28,"column":4},"end":{"line":28,"column":20}},"16":{"start":{"line":32,"column":22},"end":{"line":35,"column":1}},"17":{"start":{"line":33,"column":20},"end":{"line":33,"column":44}},"18":{"start":{"line":34,"column":4},"end":{"line":34,"column":32}},"19":{"start":{"line":37,"column":0},"end":{"line":41,"column":2}}},"fnMap":{"0":{"name":"(anonymous_0)","decl":{"start":{"line":3,"column":23},"end":{"line":3,"column":24}},"loc":{"start":{"line":3,"column":50},"end":{"line":5,"column":1}},"line":3},"1":{"name":"(anonymous_1)","decl":{"start":{"line":7,"column":21},"end":{"line":7,"column":22}},"loc":{"start":{"line":7,"column":44},"end":{"line":29,"column":1}},"line":7},"2":{"name":"(anonymous_2)","decl":{"start":{"line":32,"column":22},"end":{"line":32,"column":23}},"loc":{"start":{"line":32,"column":45},"end":{"line":35,"column":1}},"line":32}},"branchMap":{"0":{"loc":{"start":{"line":10,"column":4},"end":{"line":26,"column":5}},"type":"if","locations":[{"start":{"line":10,"column":4},"end":{"line":26,"column":5}},{"start":{"line":12,"column":11},"end":{"line":26,"column":5}}],"line":10},"1":{"loc":{"start":{"line":10,"column":8},"end":{"line":10,"column":65}},"type":"binary-expr","locations":[{"start":{"line":10,"column":8},"end":{"line":10,"column":20}},{"start":{"line":10,"column":25},"end":{"line":10,"column":43}},{"start":{"line":10,"column":47},"end":{"line":10,"column":64}}],"line":10},"2":{"loc":{"start":{"line":15,"column":8},"end":{"line":17,"column":9}},"type":"if","locations":[{"start":{"line":15,"column":8},"end":{"line":17,"column":9}},{"start":{},"end":{}}],"line":15},"3":{"loc":{"start":{"line":18,"column":8},"end":{"line":20,"column":9}},"type":"if","locations":[{"start":{"line":18,"column":8},"end":{"line":20,"column":9}},{"start":{},"end":{}}],"line":18},"4":{"loc":{"start":{"line":21,"column":8},"end":{"line":23,"column":9}},"type":"if","locations":[{"start":{"line":21,"column":8},"end":{"line":23,"column":9}},{"start":{},"end":{}}],"line":21}},"s":{"0":2,"1":2,"2":0,"3":2,"4":0,"5":0,"6":0,"7":0,"8":0,"9":0,"10":0,"11":0,"12":0,"13":0,"14":0,"15":0,"16":2,"17":0,"18":0,"19":2},"f":{"0":0,"1":0,"2":0},"b":{"0":[0,0],"1":[0,0,0],"2":[0,0],"3":[0,0],"4":[0,0]},"_coverageSchema":"1a1c01bbd47fc00a2c39e90264f33305004495a9","hash":"f2db0b30f2592e8e27b51214f5b8252827c13c54"}
,"C:\\Users\\usuario\\workspace\\dashboard-backend\\repositories\\tasksRepository.js": {"path":"C:\\Users\\usuario\\workspace\\dashboard-backend\\repositories\\tasksRepository.js","statementMap":{"0":{"start":{"line":1,"column":13},"end":{"line":1,"column":44}},"1":{"start":{"line":3,"column":20},"end":{"line":5,"column":1}},"2":{"start":{"line":4,"column":4},"end":{"line":4,"column":58}},"3":{"start":{"line":7,"column":18},"end":{"line":29,"column":1}},"4":{"start":{"line":8,"column":16},"end":{"line":8,"column":18}},"5":{"start":{"line":10,"column":4},"end":{"line":26,"column":5}},"6":{"start":{"line":11,"column":8},"end":{"line":11,"column":34}},"7":{"start":{"line":13,"column":22},"end":{"line":13,"column":24}},"8":{"start":{"line":15,"column":8},"end":{"line":17,"column":9}},"9":{"start":{"line":16,"column":12},"end":{"line":16,"column":59}},"10":{"start":{"line":18,"column":8},"end":{"line":20,"column":9}},"11":{"start":{"line":19,"column":12},"end":{"line":19,"column":55}},"12":{"start":{"line":21,"column":8},"end":{"line":23,"column":9}},"13":{"start":{"line":22,"column":12},"end":{"line":22,"column":39}},"14":{"start":{"line":25,"column":8},"end":{"line":25,"column":39}},"15":{"start":{"line":28,"column":4},"end":{"line":28,"column":17}},"16":{"start":{"line":32,"column":19},"end":{"line":35,"column":1}},"17":{"start":{"line":33,"column":17},"end":{"line":33,"column":35}},"18":{"start":{"line":34,"column":4},"end":{"line":34,"column":29}},"19":{"start":{"line":37,"column":0},"end":{"line":41,"column":2}}},"fnMap":{"0":{"name":"(anonymous_0)","decl":{"start":{"line":3,"column":20},"end":{"line":3,"column":21}},"loc":{"start":{"line":3,"column":54},"end":{"line":5,"column":1}},"line":3},"1":{"name":"(anonymous_1)","decl":{"start":{"line":7,"column":18},"end":{"line":7,"column":19}},"loc":{"start":{"line":7,"column":38},"end":{"line":29,"column":1}},"line":7},"2":{"name":"(anonymous_2)","decl":{"start":{"line":32,"column":19},"end":{"line":32,"column":20}},"loc":{"start":{"line":32,"column":39},"end":{"line":35,"column":1}},"line":32}},"branchMap":{"0":{"loc":{"start":{"line":10,"column":4},"end":{"line":26,"column":5}},"type":"if","locations":[{"start":{"line":10,"column":4},"end":{"line":26,"column":5}},{"start":{"line":12,"column":11},"end":{"line":26,"column":5}}],"line":10},"1":{"loc":{"start":{"line":10,"column":8},"end":{"line":10,"column":63}},"type":"binary-expr","locations":[{"start":{"line":10,"column":8},"end":{"line":10,"column":17}},{"start":{"line":10,"column":22},"end":{"line":10,"column":41}},{"start":{"line":10,"column":45},"end":{"line":10,"column":62}}],"line":10},"2":{"loc":{"start":{"line":15,"column":8},"end":{"line":17,"column":9}},"type":"if","locations":[{"start":{"line":15,"column":8},"end":{"line":17,"column":9}},{"start":{},"end":{}}],"line":15},"3":{"loc":{"start":{"line":18,"column":8},"end":{"line":20,"column":9}},"type":"if","locations":[{"start":{"line":18,"column":8},"end":{"line":20,"column":9}},{"start":{},"end":{}}],"line":18},"4":{"loc":{"start":{"line":21,"column":8},"end":{"line":23,"column":9}},"type":"if","locations":[{"start":{"line":21,"column":8},"end":{"line":23,"column":9}},{"start":{},"end":{}}],"line":21}},"s":{"0":2,"1":2,"2":0,"3":2,"4":0,"5":0,"6":0,"7":0,"8":0,"9":0,"10":0,"11":0,"12":0,"13":0,"14":0,"15":0,"16":2,"17":0,"18":0,"19":2},"f":{"0":0,"1":0,"2":0},"b":{"0":[0,0],"1":[0,0,0],"2":[0,0],"3":[0,0],"4":[0,0]},"_coverageSchema":"1a1c01bbd47fc00a2c39e90264f33305004495a9","hash":"08e177a2bf8926f19d5b5d5355a1836e777b67ff"}
,"C:\\Users\\usuario\\workspace\\dashboard-backend\\repositories\\userRepository.js": {"path":"C:\\Users\\usuario\\workspace\\dashboard-backend\\repositories\\userRepository.js","statementMap":{"0":{"start":{"line":1,"column":13},"end":{"line":1,"column":43}},"1":{"start":{"line":3,"column":20},"end":{"line":5,"column":1}},"2":{"start":{"line":4,"column":4},"end":{"line":4,"column":41}},"3":{"start":{"line":7,"column":19},"end":{"line":10,"column":1}},"4":{"start":{"line":8,"column":17},"end":{"line":8,"column":35}},"5":{"start":{"line":9,"column":4},"end":{"line":9,"column":29}},"6":{"start":{"line":12,"column":0},"end":{"line":15,"column":2}}},"fnMap":{"0":{"name":"(anonymous_0)","decl":{"start":{"line":3,"column":20},"end":{"line":3,"column":21}},"loc":{"start":{"line":3,"column":37},"end":{"line":5,"column":1}},"line":3},"1":{"name":"(anonymous_1)","decl":{"start":{"line":7,"column":19},"end":{"line":7,"column":20}},"loc":{"start":{"line":7,"column":39},"end":{"line":10,"column":1}},"line":7}},"branchMap":{},"s":{"0":2,"1":2,"2":3,"3":2,"4":2,"5":2,"6":2},"f":{"0":3,"1":2},"b":{},"_coverageSchema":"1a1c01bbd47fc00a2c39e90264f33305004495a9","hash":"b44a23dee0d6850ce1e512add1f4c287217ea4a5"}
,"C:\\Users\\usuario\\workspace\\dashboard-backend\\services\\authService.js": {"path":"C:\\Users\\usuario\\workspace\\dashboard-backend\\services\\authService.js","statementMap":{"0":{"start":{"line":1,"column":15},"end":{"line":1,"column":34}},"1":{"start":{"line":2,"column":12},"end":{"line":2,"column":35}},"2":{"start":{"line":3,"column":23},"end":{"line":3,"column":64}},"3":{"start":{"line":5,"column":17},"end":{"line":13,"column":1}},"4":{"start":{"line":6,"column":25},"end":{"line":6,"column":64}},"5":{"start":{"line":7,"column":4},"end":{"line":9,"column":5}},"6":{"start":{"line":8,"column":8},"end":{"line":8,"column":47}},"7":{"start":{"line":11,"column":17},"end":{"line":11,"column":75}},"8":{"start":{"line":12,"column":4},"end":{"line":12,"column":35}},"9":{"start":{"line":15,"column":14},"end":{"line":22,"column":1}},"10":{"start":{"line":16,"column":17},"end":{"line":16,"column":56}},"11":{"start":{"line":17,"column":4},"end":{"line":19,"column":5}},"12":{"start":{"line":18,"column":8},"end":{"line":18,"column":49}},"13":{"start":{"line":21,"column":4},"end":{"line":21,"column":35}},"14":{"start":{"line":24,"column":22},"end":{"line":26,"column":1}},"15":{"start":{"line":25,"column":4},"end":{"line":25,"column":77}},"16":{"start":{"line":28,"column":0},"end":{"line":31,"column":2}}},"fnMap":{"0":{"name":"(anonymous_0)","decl":{"start":{"line":5,"column":17},"end":{"line":5,"column":18}},"loc":{"start":{"line":5,"column":50},"end":{"line":13,"column":1}},"line":5},"1":{"name":"(anonymous_1)","decl":{"start":{"line":15,"column":14},"end":{"line":15,"column":15}},"loc":{"start":{"line":15,"column":41},"end":{"line":22,"column":1}},"line":15},"2":{"name":"(anonymous_2)","decl":{"start":{"line":24,"column":22},"end":{"line":24,"column":23}},"loc":{"start":{"line":24,"column":34},"end":{"line":26,"column":1}},"line":24}},"branchMap":{"0":{"loc":{"start":{"line":7,"column":4},"end":{"line":9,"column":5}},"type":"if","locations":[{"start":{"line":7,"column":4},"end":{"line":9,"column":5}},{"start":{},"end":{}}],"line":7},"1":{"loc":{"start":{"line":17,"column":4},"end":{"line":19,"column":5}},"type":"if","locations":[{"start":{"line":17,"column":4},"end":{"line":19,"column":5}},{"start":{},"end":{}}],"line":17},"2":{"loc":{"start":{"line":17,"column":8},"end":{"line":17,"column":65}},"type":"binary-expr","locations":[{"start":{"line":17,"column":8},"end":{"line":17,"column":13}},{"start":{"line":17,"column":17},"end":{"line":17,"column":65}}],"line":17}},"s":{"0":2,"1":2,"2":2,"3":2,"4":5,"5":5,"6":2,"7":3,"8":3,"9":2,"10":0,"11":0,"12":0,"13":0,"14":2,"15":3,"16":2},"f":{"0":5,"1":0,"2":3},"b":{"0":[2,3],"1":[0,0],"2":[0,0]},"_coverageSchema":"1a1c01bbd47fc00a2c39e90264f33305004495a9","hash":"bf39fc64c0bbe6892936e6cb1a80c0f2ad72b24c"}
,"C:\\Users\\usuario\\workspace\\dashboard-backend\\services\\balanceService.js": {"path":"C:\\Users\\usuario\\workspace\\dashboard-backend\\services\\balanceService.js","statementMap":{"0":{"start":{"line":1,"column":26},"end":{"line":1,"column":70}},"1":{"start":{"line":3,"column":22},"end":{"line":19,"column":1}},"2":{"start":{"line":5,"column":4},"end":{"line":10,"column":5}},"3":{"start":{"line":6,"column":8},"end":{"line":6,"column":67}},"4":{"start":{"line":8,"column":9},"end":{"line":10,"column":5}},"5":{"start":{"line":9,"column":8},"end":{"line":9,"column":77}},"6":{"start":{"line":12,"column":28},"end":{"line":12,"column":98}},"7":{"start":{"line":13,"column":4},"end":{"line":15,"column":5}},"8":{"start":{"line":14,"column":8},"end":{"line":14,"column":95}},"9":{"start":{"line":17,"column":20},"end":{"line":17,"column":67}},"10":{"start":{"line":18,"column":4},"end":{"line":18,"column":19}},"11":{"start":{"line":21,"column":21},"end":{"line":24,"column":1}},"12":{"start":{"line":22,"column":20},"end":{"line":22,"column":66}},"13":{"start":{"line":23,"column":4},"end":{"line":23,"column":19}},"14":{"start":{"line":27,"column":0},"end":{"line":30,"column":2}}},"fnMap":{"0":{"name":"(anonymous_0)","decl":{"start":{"line":3,"column":22},"end":{"line":3,"column":23}},"loc":{"start":{"line":3,"column":38},"end":{"line":19,"column":1}},"line":3},"1":{"name":"(anonymous_1)","decl":{"start":{"line":21,"column":21},"end":{"line":21,"column":22}},"loc":{"start":{"line":21,"column":37},"end":{"line":24,"column":1}},"line":21}},"branchMap":{"0":{"loc":{"start":{"line":5,"column":4},"end":{"line":10,"column":5}},"type":"if","locations":[{"start":{"line":5,"column":4},"end":{"line":10,"column":5}},{"start":{"line":8,"column":9},"end":{"line":10,"column":5}}],"line":5},"1":{"loc":{"start":{"line":8,"column":9},"end":{"line":10,"column":5}},"type":"if","locations":[{"start":{"line":8,"column":9},"end":{"line":10,"column":5}},{"start":{},"end":{}}],"line":8},"2":{"loc":{"start":{"line":8,"column":12},"end":{"line":8,"column":51}},"type":"binary-expr","locations":[{"start":{"line":8,"column":12},"end":{"line":8,"column":23}},{"start":{"line":8,"column":27},"end":{"line":8,"column":37}},{"start":{"line":8,"column":41},"end":{"line":8,"column":51}}],"line":8},"3":{"loc":{"start":{"line":13,"column":4},"end":{"line":15,"column":5}},"type":"if","locations":[{"start":{"line":13,"column":4},"end":{"line":15,"column":5}},{"start":{},"end":{}}],"line":13}},"s":{"0":2,"1":2,"2":4,"3":1,"4":3,"5":1,"6":2,"7":2,"8":1,"9":1,"10":1,"11":2,"12":1,"13":1,"14":2},"f":{"0":4,"1":1},"b":{"0":[1,3],"1":[1,2],"2":[3,3,3],"3":[1,1]},"_coverageSchema":"1a1c01bbd47fc00a2c39e90264f33305004495a9","hash":"419c4b000b02cf4f7d8886fa3a27eea9eecc315f"}
,"C:\\Users\\usuario\\workspace\\dashboard-backend\\services\\taskService.js": {"path":"C:\\Users\\usuario\\workspace\\dashboard-backend\\services\\taskService.js","statementMap":{"0":{"start":{"line":1,"column":23},"end":{"line":1,"column":65}},"1":{"start":{"line":3,"column":19},"end":{"line":19,"column":1}},"2":{"start":{"line":5,"column":4},"end":{"line":10,"column":5}},"3":{"start":{"line":6,"column":8},"end":{"line":6,"column":67}},"4":{"start":{"line":8,"column":9},"end":{"line":10,"column":5}},"5":{"start":{"line":9,"column":8},"end":{"line":9,"column":77}},"6":{"start":{"line":12,"column":25},"end":{"line":12,"column":107}},"7":{"start":{"line":13,"column":4},"end":{"line":15,"column":5}},"8":{"start":{"line":14,"column":8},"end":{"line":14,"column":49}},"9":{"start":{"line":17,"column":17},"end":{"line":17,"column":58}},"10":{"start":{"line":18,"column":4},"end":{"line":18,"column":16}},"11":{"start":{"line":21,"column":18},"end":{"line":24,"column":1}},"12":{"start":{"line":22,"column":18},"end":{"line":22,"column":58}},"13":{"start":{"line":23,"column":4},"end":{"line":23,"column":17}},"14":{"start":{"line":27,"column":0},"end":{"line":30,"column":2}}},"fnMap":{"0":{"name":"(anonymous_0)","decl":{"start":{"line":3,"column":19},"end":{"line":3,"column":20}},"loc":{"start":{"line":3,"column":35},"end":{"line":19,"column":1}},"line":3},"1":{"name":"(anonymous_1)","decl":{"start":{"line":21,"column":18},"end":{"line":21,"column":19}},"loc":{"start":{"line":21,"column":34},"end":{"line":24,"column":1}},"line":21}},"branchMap":{"0":{"loc":{"start":{"line":5,"column":4},"end":{"line":10,"column":5}},"type":"if","locations":[{"start":{"line":5,"column":4},"end":{"line":10,"column":5}},{"start":{"line":8,"column":9},"end":{"line":10,"column":5}}],"line":5},"1":{"loc":{"start":{"line":8,"column":9},"end":{"line":10,"column":5}},"type":"if","locations":[{"start":{"line":8,"column":9},"end":{"line":10,"column":5}},{"start":{},"end":{}}],"line":8},"2":{"loc":{"start":{"line":8,"column":12},"end":{"line":8,"column":73}},"type":"binary-expr","locations":[{"start":{"line":8,"column":12},"end":{"line":8,"column":23}},{"start":{"line":8,"column":27},"end":{"line":8,"column":42}},{"start":{"line":8,"column":46},"end":{"line":8,"column":59}},{"start":{"line":8,"column":63},"end":{"line":8,"column":73}}],"line":8},"3":{"loc":{"start":{"line":13,"column":4},"end":{"line":15,"column":5}},"type":"if","locations":[{"start":{"line":13,"column":4},"end":{"line":15,"column":5}},{"start":{},"end":{}}],"line":13}},"s":{"0":2,"1":2,"2":4,"3":1,"4":3,"5":1,"6":2,"7":2,"8":1,"9":1,"10":1,"11":2,"12":1,"13":1,"14":2},"f":{"0":4,"1":1},"b":{"0":[1,3],"1":[1,2],"2":[3,3,3,2],"3":[1,1]},"_coverageSchema":"1a1c01bbd47fc00a2c39e90264f33305004495a9","hash":"97bfc2193d13e7a0b1583cce89418b71234d1bad"}
}
